{
  "stats": {
    "suites": 1,
    "tests": 4,
    "passes": 4,
    "pending": 0,
    "failures": 0,
    "start": "2025-08-15T01:17:16.581Z",
    "end": "2025-08-15T01:17:30.227Z",
    "duration": 13646,
    "testsRegistered": 4,
    "passPercent": 100,
    "pendingPercent": 0,
    "other": 0,
    "hasOther": false,
    "skipped": 0,
    "hasSkipped": false
  },
  "results": [
    {
      "uuid": "6ce238c5-7866-4db4-af7c-267288b66b5d",
      "title": "",
      "fullFile": "cypress/e2e/3-End_to_End/Tarefa_1_e_2.cy.js",
      "file": "cypress/e2e/3-End_to_End/Tarefa_1_e_2.cy.js",
      "beforeHooks": [],
      "afterHooks": [],
      "tests": [],
      "suites": [
        {
          "uuid": "e9ffc4e5-2c91-4540-92f8-6e4f7b424698",
          "title": "Validar Acesso a URL",
          "fullFile": "",
          "file": "",
          "beforeHooks": [],
          "afterHooks": [],
          "tests": [
            {
              "title": "Acessar a página de login, validar se acessou a URL correta, digitar login correto e senha incorreta, clicar em Login, deve validar o status code como 503 e apresentar mensagem na tela de falha no login",
              "fullTitle": "Validar Acesso a URL Acessar a página de login, validar se acessou a URL correta, digitar login correto e senha incorreta, clicar em Login, deve validar o status code como 503 e apresentar mensagem na tela de falha no login",
              "timedOut": null,
              "duration": 5216,
              "state": "passed",
              "speed": "medium",
              "pass": true,
              "fail": false,
              "pending": false,
              "context": null,
              "code": "cy.intercept('POST', 'json').as('InterceptLogin');\nloginPage.login('standard_user', 'senha@123');\ncy.wait('@InterceptLogin', {\n  timeout: 30000\n}).its('response.statusCode').should('eq', 503);\nloginPage.validateErrorMessage('Epic sadface: Username and password do not match any user in this service');\ncy.url().should('eq', loginPage.url);",
              "err": {},
              "uuid": "c4cb2067-7d1b-4b1d-83d9-aaf5e33cb3e4",
              "parentUUID": "e9ffc4e5-2c91-4540-92f8-6e4f7b424698",
              "isHook": false,
              "skipped": false
            },
            {
              "title": "Acessar a página  e efetuar um login válido, validar se os elementos de menu e lista de produtos estão visiveis",
              "fullTitle": "Validar Acesso a URL Acessar a página  e efetuar um login válido, validar se os elementos de menu e lista de produtos estão visiveis",
              "timedOut": null,
              "duration": 1068,
              "state": "passed",
              "speed": "fast",
              "pass": true,
              "fail": false,
              "pending": false,
              "context": null,
              "code": "loginPage.login('standard_user', 'secret_sauce');\ninventoryPage.validatePage();",
              "err": {},
              "uuid": "b71240a4-833a-43b5-bc96-a4c1f60f3157",
              "parentUUID": "e9ffc4e5-2c91-4540-92f8-6e4f7b424698",
              "isHook": false,
              "skipped": false
            },
            {
              "title": "Acessar a página, efetuar login, inserir 1 produto no carrinho, tentar finalizar a venda sem preencher os dados, irá retornar falha, preencher os dados obrigatórios até permitir avançar para a proxima tela",
              "fullTitle": "Validar Acesso a URL Acessar a página, efetuar login, inserir 1 produto no carrinho, tentar finalizar a venda sem preencher os dados, irá retornar falha, preencher os dados obrigatórios até permitir avançar para a proxima tela",
              "timedOut": null,
              "duration": 2256,
              "state": "passed",
              "speed": "fast",
              "pass": true,
              "fail": false,
              "pending": false,
              "context": null,
              "code": "loginPage.login('standard_user', 'secret_sauce');\ninventoryPage.validatePage();\ncy.get('[data-test=\"shopping-cart-badge\"]').should('not.exist');\ninventoryPage.addBackpackToCart();\ninventoryPage.goToCart();\ncartPage.validatePage();\ncartPage.goToCheckout();\ncheckoutPage.validateStepOne();\ncheckoutPage.submitCheckout();\ncheckoutPage.validateErrorMessage('Error: First Name is required');\ncheckoutPage.fillCheckoutInformation({\n  firstName: _faker.faker.person.firstName()\n});\ncheckoutPage.submitCheckout();\ncheckoutPage.validateErrorMessage('Error: Last Name is required');\ncheckoutPage.fillCheckoutInformation({\n  lastName: _faker.faker.person.lastName()\n});\ncheckoutPage.submitCheckout();\ncheckoutPage.validateErrorMessage('Error: Postal Code is required');\ncheckoutPage.fillCheckoutInformation({\n  postalCode: _faker.faker.location.zipCode()\n});\ncheckoutPage.submitCheckout();\ncheckoutPage.validateStepTwo();",
              "err": {},
              "uuid": "9c4f06b6-7db9-4f63-8bee-029f3ad24635",
              "parentUUID": "e9ffc4e5-2c91-4540-92f8-6e4f7b424698",
              "isHook": false,
              "skipped": false
            },
            {
              "title": "Acessar a página, efetuar login, inserir 1 produto no carrinho, preencher os dados da compra e finalizar a mesma",
              "fullTitle": "Validar Acesso a URL Acessar a página, efetuar login, inserir 1 produto no carrinho, preencher os dados da compra e finalizar a mesma",
              "timedOut": null,
              "duration": 2088,
              "state": "passed",
              "speed": "fast",
              "pass": true,
              "fail": false,
              "pending": false,
              "context": null,
              "code": "loginPage.login('standard_user', 'secret_sauce');\ninventoryPage.validatePage();\ncy.get('[data-test=\"shopping-cart-badge\"]').should('not.exist');\ninventoryPage.getProductDetails().then(({\n  description,\n  price\n}) => {\n  inventoryPage.addBackpackToCart();\n  inventoryPage.goToCart();\n  cartPage.validatePage();\n  cartPage.validateCartItem(description, price);\n  cartPage.goToCheckout();\n  checkoutPage.validateStepOne();\n  checkoutPage.fillCheckoutInformation({\n    firstName: _faker.faker.person.firstName(),\n    lastName: _faker.faker.person.lastName(),\n    postalCode: _faker.faker.location.zipCode()\n  });\n  checkoutPage.submitCheckout();\n  checkoutPage.validateStepTwo();\n  checkoutPage.validateCheckoutSummary(description, price);\n  checkoutPage.finishCheckout();\n  checkoutPage.validateComplete();\n  checkoutPage.backToHome();\n  inventoryPage.validatePage();\n});",
              "err": {},
              "uuid": "7c968a2a-eb12-430e-b931-2cf9d49f82bf",
              "parentUUID": "e9ffc4e5-2c91-4540-92f8-6e4f7b424698",
              "isHook": false,
              "skipped": false
            }
          ],
          "suites": [],
          "passes": [
            "c4cb2067-7d1b-4b1d-83d9-aaf5e33cb3e4",
            "b71240a4-833a-43b5-bc96-a4c1f60f3157",
            "9c4f06b6-7db9-4f63-8bee-029f3ad24635",
            "7c968a2a-eb12-430e-b931-2cf9d49f82bf"
          ],
          "failures": [],
          "pending": [],
          "skipped": [],
          "duration": 10628,
          "root": false,
          "rootEmpty": false,
          "_timeout": 2000
        }
      ],
      "passes": [],
      "failures": [],
      "pending": [],
      "skipped": [],
      "duration": 0,
      "root": true,
      "rootEmpty": true,
      "_timeout": 2000
    }
  ],
  "meta": {
    "mocha": {
      "version": "7.2.0"
    },
    "mochawesome": {
      "options": {
        "quiet": false,
        "reportFilename": "mochawesome",
        "saveHtml": false,
        "saveJson": true,
        "consoleReporter": "spec",
        "useInlineDiffs": false,
        "code": true
      },
      "version": "7.1.3"
    },
    "marge": {
      "options": {
        "reportDir": "cypress/reports",
        "overwrite": false,
        "html": false,
        "json": true
      },
      "version": "6.2.0"
    }
  }
}