{
  "stats": {
    "suites": 1,
    "tests": 4,
    "passes": 4,
    "pending": 0,
    "failures": 0,
    "start": "2025-08-15T01:46:56.060Z",
    "end": "2025-08-15T01:47:15.859Z",
    "duration": 19799,
    "testsRegistered": 4,
    "passPercent": 100,
    "pendingPercent": 0,
    "other": 0,
    "hasOther": false,
    "skipped": 0,
    "hasSkipped": false
  },
  "results": [
    {
      "uuid": "19dc9d1e-2c3f-4738-9715-4d4c4642d90a",
      "title": "",
      "fullFile": "cypress\\e2e\\3-End_to_End\\Tarefa_1_e_2.cy.js",
      "file": "cypress\\e2e\\3-End_to_End\\Tarefa_1_e_2.cy.js",
      "beforeHooks": [],
      "afterHooks": [],
      "tests": [],
      "suites": [
        {
          "uuid": "88904bf3-d3e0-499b-9186-73af6008afd1",
          "title": "Validar Acesso a URL",
          "fullFile": "",
          "file": "",
          "beforeHooks": [],
          "afterHooks": [],
          "tests": [
            {
              "title": "Acessar a página de login, validar se acessou a URL correta, digitar login correto e senha incorreta, clicar em Login, deve validar o status code como 503 e apresentar mensagem na tela de falha no login",
              "fullTitle": "Validar Acesso a URL Acessar a página de login, validar se acessou a URL correta, digitar login correto e senha incorreta, clicar em Login, deve validar o status code como 503 e apresentar mensagem na tela de falha no login",
              "timedOut": null,
              "duration": 6769,
              "state": "passed",
              "speed": "medium",
              "pass": true,
              "fail": false,
              "pending": false,
              "context": null,
              "code": "cy.intercept('POST', 'json').as('InterceptLogin');\nloginPage.login('standard_user', 'senha@123');\ncy.wait('@InterceptLogin', {\n  timeout: 30000\n}).its('response.statusCode').should('eq', 503);\nloginPage.validateErrorMessage('Epic sadface: Username and password do not match any user in this service');\ncy.url().should('eq', loginPage.url);",
              "err": {},
              "uuid": "980e5922-8e6c-49fb-9320-442f98c240ad",
              "parentUUID": "88904bf3-d3e0-499b-9186-73af6008afd1",
              "isHook": false,
              "skipped": false
            },
            {
              "title": "Acessar a página  e efetuar um login válido, validar se os elementos de menu e lista de produtos estão visiveis",
              "fullTitle": "Validar Acesso a URL Acessar a página  e efetuar um login válido, validar se os elementos de menu e lista de produtos estão visiveis",
              "timedOut": null,
              "duration": 1339,
              "state": "passed",
              "speed": "fast",
              "pass": true,
              "fail": false,
              "pending": false,
              "context": null,
              "code": "loginPage.login('standard_user', 'secret_sauce');\ninventoryPage.validatePage();",
              "err": {},
              "uuid": "482e518e-893d-4d87-96b1-fc4a1bff4aa7",
              "parentUUID": "88904bf3-d3e0-499b-9186-73af6008afd1",
              "isHook": false,
              "skipped": false
            },
            {
              "title": "Acessar a página, efetuar login, inserir 1 produto no carrinho, tentar finalizar a venda sem preencher os dados, irá retornar falha, preencher os dados obrigatórios até permitir avançar para a proxima tela",
              "fullTitle": "Validar Acesso a URL Acessar a página, efetuar login, inserir 1 produto no carrinho, tentar finalizar a venda sem preencher os dados, irá retornar falha, preencher os dados obrigatórios até permitir avançar para a proxima tela",
              "timedOut": null,
              "duration": 2706,
              "state": "passed",
              "speed": "fast",
              "pass": true,
              "fail": false,
              "pending": false,
              "context": null,
              "code": "loginPage.login('standard_user', 'secret_sauce');\ninventoryPage.validatePage();\ncy.get('[data-test=\"shopping-cart-badge\"]').should('not.exist');\ninventoryPage.addBackpackToCart();\ninventoryPage.goToCart();\ncartPage.validatePage();\ncartPage.goToCheckout();\ncheckoutPage.validateStepOne();\ncheckoutPage.submitCheckout();\ncheckoutPage.validateErrorMessage('Error: First Name is required');\ncheckoutPage.fillCheckoutInformation({\n  firstName: _faker.faker.person.firstName()\n});\ncheckoutPage.submitCheckout();\ncheckoutPage.validateErrorMessage('Error: Last Name is required');\ncheckoutPage.fillCheckoutInformation({\n  lastName: _faker.faker.person.lastName()\n});\ncheckoutPage.submitCheckout();\ncheckoutPage.validateErrorMessage('Error: Postal Code is required');\ncheckoutPage.fillCheckoutInformation({\n  postalCode: _faker.faker.location.zipCode()\n});\ncheckoutPage.submitCheckout();\ncheckoutPage.validateStepTwo();",
              "err": {},
              "uuid": "f571d5f3-319a-4802-831a-b92003fff7ba",
              "parentUUID": "88904bf3-d3e0-499b-9186-73af6008afd1",
              "isHook": false,
              "skipped": false
            },
            {
              "title": "Acessar a página, efetuar login, inserir 1 produto no carrinho, preencher os dados da compra e finalizar a mesma",
              "fullTitle": "Validar Acesso a URL Acessar a página, efetuar login, inserir 1 produto no carrinho, preencher os dados da compra e finalizar a mesma",
              "timedOut": null,
              "duration": 2708,
              "state": "passed",
              "speed": "fast",
              "pass": true,
              "fail": false,
              "pending": false,
              "context": null,
              "code": "loginPage.login('standard_user', 'secret_sauce');\ninventoryPage.validatePage();\ncy.get('[data-test=\"shopping-cart-badge\"]').should('not.exist');\ninventoryPage.getProductDetails().then(({\n  description,\n  price\n}) => {\n  inventoryPage.addBackpackToCart();\n  inventoryPage.goToCart();\n  cartPage.validatePage();\n  cartPage.validateCartItem(description, price);\n  cartPage.goToCheckout();\n  checkoutPage.validateStepOne();\n  checkoutPage.fillCheckoutInformation({\n    firstName: _faker.faker.person.firstName(),\n    lastName: _faker.faker.person.lastName(),\n    postalCode: _faker.faker.location.zipCode()\n  });\n  checkoutPage.submitCheckout();\n  checkoutPage.validateStepTwo();\n  checkoutPage.validateCheckoutSummary(description, price);\n  checkoutPage.finishCheckout();\n  checkoutPage.validateComplete();\n  checkoutPage.backToHome();\n  inventoryPage.validatePage();\n});",
              "err": {},
              "uuid": "b6551058-78e7-4222-be09-2512c8e91049",
              "parentUUID": "88904bf3-d3e0-499b-9186-73af6008afd1",
              "isHook": false,
              "skipped": false
            }
          ],
          "suites": [],
          "passes": [
            "980e5922-8e6c-49fb-9320-442f98c240ad",
            "482e518e-893d-4d87-96b1-fc4a1bff4aa7",
            "f571d5f3-319a-4802-831a-b92003fff7ba",
            "b6551058-78e7-4222-be09-2512c8e91049"
          ],
          "failures": [],
          "pending": [],
          "skipped": [],
          "duration": 13522,
          "root": false,
          "rootEmpty": false,
          "_timeout": 2000
        }
      ],
      "passes": [],
      "failures": [],
      "pending": [],
      "skipped": [],
      "duration": 0,
      "root": true,
      "rootEmpty": true,
      "_timeout": 2000
    }
  ],
  "meta": {
    "mocha": {
      "version": "7.2.0"
    },
    "mochawesome": {
      "options": {
        "quiet": false,
        "reportFilename": "mochawesome",
        "saveHtml": false,
        "saveJson": true,
        "consoleReporter": "spec",
        "useInlineDiffs": false,
        "code": true
      },
      "version": "7.1.3"
    },
    "marge": {
      "options": {
        "reportDir": "cypress/reports",
        "overwrite": false,
        "html": false,
        "json": true
      },
      "version": "6.2.0"
    }
  }
}